0 info it worked if it ends with ok
1 verbose cli [ '/usr/bin/node', '/usr/bin/npm', 'start' ]
2 info using npm@2.15.1
3 info using node@v0.10.48
4 verbose node symlink /usr/bin/node
5 verbose run-script [ 'prestart', 'start', 'poststart' ]
6 info prestart angular-quickstart@1.0.0
7 info start angular-quickstart@1.0.0
8 verbose unsafe-perm in lifecycle true
9 info angular-quickstart@1.0.0 Failed to exec start script
10 verbose stack Error: angular-quickstart@1.0.0 start: `tsc && concurrently "tsc -w" "lite-server" `
10 verbose stack Exit status 2
10 verbose stack     at EventEmitter.<anonymous> (/usr/lib/node_modules/npm/lib/utils/lifecycle.js:217:16)
10 verbose stack     at EventEmitter.emit (events.js:98:17)
10 verbose stack     at ChildProcess.<anonymous> (/usr/lib/node_modules/npm/lib/utils/spawn.js:24:14)
10 verbose stack     at ChildProcess.emit (events.js:98:17)
10 verbose stack     at maybeClose (child_process.js:766:16)
10 verbose stack     at Process.ChildProcess._handle.onexit (child_process.js:833:5)
11 verbose pkgid angular-quickstart@1.0.0
12 verbose cwd /home/limpygnome/git-remote/parrot/src/main/resources
13 error Linux 4.4.0-47-generic
14 error argv "/usr/bin/node" "/usr/bin/npm" "start"
15 error node v0.10.48
16 error npm  v2.15.1
17 error code ELIFECYCLE
18 error angular-quickstart@1.0.0 start: `tsc && concurrently "tsc -w" "lite-server" `
18 error Exit status 2
19 error Failed at the angular-quickstart@1.0.0 start script 'tsc && concurrently "tsc -w" "lite-server" '.
19 error This is most likely a problem with the angular-quickstart package,
19 error not with npm itself.
19 error Tell the author that this fails on your system:
19 error     tsc && concurrently "tsc -w" "lite-server"
19 error You can get information on how to open an issue for this project with:
19 error     npm bugs angular-quickstart
19 error Or if that isn't available, you can get their info via:
19 error
19 error     npm owner ls angular-quickstart
19 error There is likely additional logging output above.
20 verbose exit [ 1, true ]
